<?xml version="1.0" encoding="UTF-8"?>
<!-- Generated by org.testng.reporters.JUnitXMLReporter -->
<testsuite hostname="DESKTOP-M4622L9" ignored="0" name="sel-chrome-tcs" tests="3" failures="3" timestamp="2021-01-17T17:08:36 GMT" time="5.852" errors="0">
  <testcase name="@AfterMethod tearDown" time="0.0" classname="internalTests.SeleniumTests1">
    <failure type="java.lang.NullPointerException">
      <![CDATA[java.lang.NullPointerException
at internalTests.SeleniumTests1.tearDown(SeleniumTests1.java:32)
at java.util.concurrent.ThreadPoolExecutor.runWorker(ThreadPoolExecutor.java:1149)
at java.util.concurrent.ThreadPoolExecutor$Worker.run(ThreadPoolExecutor.java:624)
at java.lang.Thread.run(Thread.java:748)
... Removed 17 stack frames]]>
    </failure>
  </testcase> <!-- @AfterMethod tearDown -->
  <testcase name="@AfterMethod tearDown" time="-1.610903315766E9" classname="internalTests.SeleniumTests1">
    <skipped/>
  </testcase> <!-- @AfterMethod tearDown -->
  <testcase name="@AfterMethod tearDown" time="-1.610903316109E9" classname="internalTests.SeleniumTests1">
    <skipped/>
  </testcase> <!-- @AfterMethod tearDown -->
  <testcase name="selTc3" time="3.981" classname="internalTests.SeleniumTests1">
    <failure type="java.lang.NullPointerException">
      <![CDATA[java.lang.NullPointerException
at internalTests.SeleniumTests1.selTc3(SeleniumTests1.java:62)
at java.util.concurrent.ThreadPoolExecutor.runWorker(ThreadPoolExecutor.java:1149)
at java.util.concurrent.ThreadPoolExecutor$Worker.run(ThreadPoolExecutor.java:624)
at java.lang.Thread.run(Thread.java:748)
... Removed 12 stack frames]]>
    </failure>
  </testcase> <!-- selTc3 -->
  <testcase name="selTc1" time="5.457" classname="internalTests.SeleniumTests1">
    <failure type="java.lang.NullPointerException">
      <![CDATA[java.lang.NullPointerException
at internalTests.SeleniumTests1.selTc1(SeleniumTests1.java:44)
at java.util.concurrent.ThreadPoolExecutor.runWorker(ThreadPoolExecutor.java:1149)
at java.util.concurrent.ThreadPoolExecutor$Worker.run(ThreadPoolExecutor.java:624)
at java.lang.Thread.run(Thread.java:748)
... Removed 12 stack frames]]>
    </failure>
  </testcase> <!-- selTc1 -->
  <testcase name="selTc2" time="5.802" classname="internalTests.SeleniumTests1">
    <failure type="java.lang.NullPointerException">
      <![CDATA[java.lang.NullPointerException
at internalTests.SeleniumTests1.selTc2(SeleniumTests1.java:53)
at java.util.concurrent.ThreadPoolExecutor.runWorker(ThreadPoolExecutor.java:1149)
at java.util.concurrent.ThreadPoolExecutor$Worker.run(ThreadPoolExecutor.java:624)
at java.lang.Thread.run(Thread.java:748)
... Removed 12 stack frames]]>
    </failure>
  </testcase> <!-- selTc2 -->
</testsuite> <!-- sel-chrome-tcs -->
