<?xml version="1.0" encoding="UTF-8"?>
<!-- Generated by org.testng.reporters.JUnitXMLReporter -->
<testsuite ignored="0" hostname="DESKTOP-M4622L9" failures="0" tests="1" name="web_api_automation_fw test package via TestNG1" time="0.131" errors="0" timestamp="2021-01-02T21:06:58 GMT">
  <testcase classname="web_api_automation_fw.AppTest" name="shouldAnswerWithTrue on shouldAnswerWithTrue(web_api_automation_fw.AppTest)" time="0.031"/>
</testsuite> <!-- web_api_automation_fw test package via TestNG1 -->
