-------------------------------------------------------------------------------
Test set: TestSuite
-------------------------------------------------------------------------------
Tests run: 3, Failures: 1, Errors: 0, Skipped: 1, Time elapsed: 18.685 s <<< FAILURE! - in TestSuite
failTest(prodTests.ProdCustomsModule)  Time elapsed: 2.042 s  <<< FAILURE!
java.lang.AssertionError: expected [true] but found [false]
	at prodTests.ProdCustomsModule.failTest(ProdCustomsModule.java:142)

