<?xml version="1.0" encoding="UTF-8"?>
<testsuite xmlns:xsi="http://www.w3.org/2001/XMLSchema-instance" xsi:noNamespaceSchemaLocation="https://maven.apache.org/surefire/maven-surefire-plugin/xsd/surefire-test-report.xsd" name="TestSuite" time="16.926" tests="3" errors="0" skipped="1" failures="1">
  <properties>
[...]
</properties>
  <testcase name="passTest" classname="prodTests.ProdCustomsModule" time="4.995"/>
  <testcase name="failTest" classname="prodTests.ProdCustomsModule" time="2.023">
    <failure message="expected [true] but found [false]" type="java.lang.AssertionError">java.lang.AssertionError: expected [true] but found [false]
	at prodTests.ProdCustomsModule.failTest(ProdCustomsModule.java:142)
</failure>
    <system-out><![CDATA[2021-01-22 19:53:16,141 [main] [INFO ] prodTests.ProdCustomsModule:139:ProdCustomsModule.java - Navigated to ladingPage!
failTest!!
]]></system-out>
  </testcase>
  <testcase name="skipTest" classname="prodTests.ProdCustomsModule" time="0">
    <skipped message="Skipping skipTest!!"/>
    <system-out><![CDATA[skipTest!!
]]></system-out>
  </testcase>
</testsuite>