<?xml version="1.0" encoding="UTF-8"?>
<testng-results skipped="0" failed="0" ignored="0" total="0" passed="0">
  <reporter-output>
  </reporter-output>
  <suite name="Default suite" duration-ms="14" started-at="2021-01-22T15:10:17 GMT" finished-at="2021-01-22T15:10:17 GMT">
    <groups>
    </groups>
    <test name="Default test" duration-ms="14" started-at="2021-01-22T15:10:17 GMT" finished-at="2021-01-22T15:10:17 GMT">
      <class name="coreComponents.TestngToolBox">
        <test-method status="PASS" signature="initializeRunEssentials()[pri:0, instance:coreComponents.TestngToolBox@117525fe]" name="initializeRunEssentials" is-config="true" duration-ms="19" started-at="2021-01-22T15:10:17 GMT" finished-at="2021-01-22T15:10:17 GMT">
          <reporter-output>
          </reporter-output>
        </test-method> <!-- initializeRunEssentials -->
      </class> <!-- coreComponents.TestngToolBox -->
    </test> <!-- Default test -->
  </suite> <!-- Default suite -->
</testng-results>
